# JRE version: Java(TM) SE Runtime Environment (8.0_92-b14) (build 1.8.0_92-b14)
# Java VM: Java HotSpot(TM) Client VM (25.92-b14 mixed mode windows-x86 )
Heap:
 def new generation   total 39424K, used 4855K [0x05600000, 0x080c0000, 0x100a0000)
  eden space 35072K,   9% used [0x05600000, 0x05936480, 0x07840000)
  from space 4352K,  35% used [0x07c80000, 0x07e07a08, 0x080c0000)
  to   space 4352K,   0% used [0x07840000, 0x07840000, 0x07c80000)
 tenured generation   total 87424K, used 25602K [0x100a0000, 0x15600000, 0x25600000)
   the space 87424K,  29% used [0x100a0000, 0x119a0a30, 0x119a0c00, 0x15600000)
 Metaspace       used 19684K, capacity 20245K, committed 20352K, reserved 20864K
GC Heap History (10 events):
Event: 22.706 GC heap before
{Heap before GC invocations=3 (full 1):
 def new generation   total 39424K, used 35072K [0x05600000, 0x080c0000, 0x100a0000)
  eden space 35072K, 100% used [0x05600000, 0x07840000, 0x07840000)
  from space 4352K,   0% used [0x07840000, 0x07840000, 0x07c80000)
  to   space 4352K,   0% used [0x07c80000, 0x07c80000, 0x080c0000)
 tenured generation   total 87424K, used 14244K [0x100a0000, 0x15600000, 0x25600000)
   the space 87424K,  16% used [0x100a0000, 0x10e892d0, 0x10e89400, 0x15600000)
 Metaspace       used 16649K, capacity 17121K, committed 17280K, reserved 17792K
Event: 22.730 GC heap after
Heap after GC invocations=4 (full 1):
 def new generation   total 39424K, used 4352K [0x05600000, 0x080c0000, 0x100a0000)
  eden space 35072K,   0% used [0x05600000, 0x05600000, 0x07840000)
  from space 4352K, 100% used [0x07c80000, 0x080c0000, 0x080c0000)
  to   space 4352K,   0% used [0x07840000, 0x07840000, 0x07c80000)
 tenured generation   total 87424K, used 15918K [0x100a0000, 0x15600000, 0x25600000)
   the space 87424K,  18% used [0x100a0000, 0x1102ba80, 0x1102bc00, 0x15600000)
 Metaspace       used 16649K, capacity 17121K, committed 17280K, reserved 17792K
}
Event: 86.242 GC heap before
{Heap before GC invocations=4 (full 1):
 def new generation   total 39424K, used 39424K [0x05600000, 0x080c0000, 0x100a0000)
  eden space 35072K, 100% used [0x05600000, 0x07840000, 0x07840000)
  from space 4352K, 100% used [0x07c80000, 0x080c0000, 0x080c0000)
  to   space 4352K,   0% used [0x07840000, 0x07840000, 0x07c80000)
 tenured generation   total 87424K, used 15918K [0x100a0000, 0x15600000, 0x25600000)
   the space 87424K,  18% used [0x100a0000, 0x1102ba80, 0x1102bc00, 0x15600000)
 Metaspace       used 19001K, capacity 19565K, committed 19712K, reserved 19840K
Event: 86.276 GC heap after
Heap after GC invocations=5 (full 1):
 def new generation   total 39424K, used 4352K [0x05600000, 0x080c0000, 0x100a0000)
  eden space 35072K,   0% used [0x05600000, 0x05600000, 0x07840000)
  from space 4352K, 100% used [0x07840000, 0x07c80000, 0x07c80000)
  to   space 4352K,   0% used [0x07c80000, 0x07c80000, 0x080c0000)
 tenured generation   total 87424K, used 21324K [0x100a0000, 0x15600000, 0x25600000)
   the space 87424K,  24% used [0x100a0000, 0x115730c0, 0x11573200, 0x15600000)
 Metaspace       used 19001K, capacity 19565K, committed 19712K, reserved 19840K
}
Event: 2044.395 GC heap before
{Heap before GC invocations=5 (full 1):
 def new generation   total 39424K, used 39424K [0x05600000, 0x080c0000, 0x100a0000)
  eden space 35072K, 100% used [0x05600000, 0x07840000, 0x07840000)
  from space 4352K, 100% used [0x07840000, 0x07c80000, 0x07c80000)
  to   space 4352K,   0% used [0x07c80000, 0x07c80000, 0x080c0000)
 tenured generation   total 87424K, used 21324K [0x100a0000, 0x15600000, 0x25600000)
   the space 87424K,  24% used [0x100a0000, 0x115730c0, 0x11573200, 0x15600000)
 Metaspace       used 19486K, capacity 20048K, committed 20096K, reserved 20864K
Event: 2044.477 GC heap after
Heap after GC invocations=6 (full 1):
 def new generation   total 39424K, used 1493K [0x05600000, 0x080c0000, 0x100a0000)
  eden space 35072K,   0% used [0x05600000, 0x05600000, 0x07840000)
  from space 4352K,  34% used [0x07c80000, 0x07df5540, 0x080c0000)
  to   space 4352K,   0% used [0x07840000, 0x07840000, 0x07c80000)
 tenured generation   total 87424K, used 25602K [0x100a0000, 0x15600000, 0x25600000)
   the space 87424K,  29% used [0x100a0000, 0x119a0a30, 0x119a0c00, 0x15600000)
 Metaspace       used 19486K, capacity 20048K, committed 20096K, reserved 20864K
}
Event: 4144.496 GC heap before
{Heap before GC invocations=6 (full 1):
 def new generation   total 39424K, used 36565K [0x05600000, 0x080c0000, 0x100a0000)
  eden space 35072K, 100% used [0x05600000, 0x07840000, 0x07840000)
  from space 4352K,  34% used [0x07c80000, 0x07df5540, 0x080c0000)
  to   space 4352K,   0% used [0x07840000, 0x07840000, 0x07c80000)
 tenured generation   total 87424K, used 25602K [0x100a0000, 0x15600000, 0x25600000)
   the space 87424K,  29% used [0x100a0000, 0x119a0a30, 0x119a0c00, 0x15600000)
 Metaspace       used 19490K, capacity 20048K, committed 20096K, reserved 20864K
Event: 4144.558 GC heap after
Heap after GC invocations=7 (full 1):
 def new generation   total 39424K, used 1372K [0x05600000, 0x080c0000, 0x100a0000)
  eden space 35072K,   0% used [0x05600000, 0x05600000, 0x07840000)
  from space 4352K,  31% used [0x07840000, 0x07997180, 0x07c80000)
  to   space 4352K,   0% used [0x07c80000, 0x07c80000, 0x080c0000)
 tenured generation   total 87424K, used 25602K [0x100a0000, 0x15600000, 0x25600000)
   the space 87424K,  29% used [0x100a0000, 0x119a0a30, 0x119a0c00, 0x15600000)
 Metaspace       used 19490K, capacity 20048K, committed 20096K, reserved 20864K
}
Event: 6481.178 GC heap before
{Heap before GC invocations=7 (full 1):
 def new generation   total 39424K, used 36444K [0x05600000, 0x080c0000, 0x100a0000)
  eden space 35072K, 100% used [0x05600000, 0x07840000, 0x07840000)
  from space 4352K,  31% used [0x07840000, 0x07997180, 0x07c80000)
  to   space 4352K,   0% used [0x07c80000, 0x07c80000, 0x080c0000)
 tenured generation   total 87424K, used 25602K [0x100a0000, 0x15600000, 0x25600000)
   the space 87424K,  29% used [0x100a0000, 0x119a0a30, 0x119a0c00, 0x15600000)
 Metaspace       used 19684K, capacity 20245K, committed 20352K, reserved 20864K
Event: 6481.212 GC heap after
Heap after GC invocations=8 (full 1):
 def new generation   total 39424K, used 1566K [0x05600000, 0x080c0000, 0x100a0000)
  eden space 35072K,   0% used [0x05600000, 0x05600000, 0x07840000)
  from space 4352K,  35% used [0x07c80000, 0x07e07a08, 0x080c0000)
  to   space 4352K,   0% used [0x07840000, 0x07840000, 0x07c80000)
 tenured generation   total 87424K, used 25602K [0x100a0000, 0x15600000, 0x25600000)
   the space 87424K,  29% used [0x100a0000, 0x119a0a30, 0x119a0c00, 0x15600000)
 Metaspace       used 19684K, capacity 20245K, committed 20352K, reserved 20864K
}

